#
# A fatal error has been detected by the Java Runtime Environment:
#
#  EXCEPTION_ACCESS_VIOLATION (0xc0000005) at pc=0x00007ffcfce3c5b9, pid=25484, tid=26476
#
# JRE version: OpenJDK Runtime Environment JBR-17.0.7+7-1000.2-nomod (17.0.7+7) (build 17.0.7+7-b1000.2)
# Java VM: OpenJDK 64-Bit Server VM JBR-17.0.7+7-1000.2-nomod (17.0.7+7-b1000.2, mixed mode, tiered, compressed oops, compressed class ptrs, g1 gc, windows-amd64)
# Problematic frame:
# C  [lwjgl_opengl.dll+0xc5b9]
#
# No core dump will be written. Minidumps are not enabled by default on client versions of Windows
#
# If you would like to submit a bug report, please visit:
#   https://youtrack.jetbrains.com/issues/JBR
# The crash happened outside the Java Virtual Machine in native code.
# See problematic frame for where to report the bug.
#

---------------  S U M M A R Y ------------

Command Line: -javaagent:C:\Users\carte\AppData\Local\JetBrains\Toolbox\apps\IDEA-U\ch-0\231.9161.38\lib\idea_rt.jar=59199:C:\Users\carte\AppData\Local\JetBrains\Toolbox\apps\IDEA-U\ch-0\231.9161.38\bin -Dfile.encoding=UTF-8 MainKt

Host: AMD Ryzen 7 6800H with Radeon Graphics         , 16 cores, 15G,  Windows 11 , 64 bit Build 22621 (10.0.22621.1778)
Time: Mon Jul  3 11:36:42 2023 Eastern Daylight Time elapsed time: 0.322434 seconds (0d 0h 0m 0s)

---------------  T H R E A D  ---------------

Current thread (0x000001913481dc40):  JavaThread "main" [_thread_in_native, id=26476, stack(0x00000020e0900000,0x00000020e0a00000)]

Stack: [0x00000020e0900000,0x00000020e0a00000],  sp=0x00000020e09ff2a8,  free space=1020k
Native frames: (J=compiled Java code, j=interpreted, Vv=VM code, C=native code)
C  [lwjgl_opengl.dll+0xc5b9]

Java frames: (J=compiled Java code, j=interpreted, Vv=VM code)
j  org.lwjgl.opengl.GL11C.glClearColor(FFFF)V+0
j  org.lwjgl.opengl.GL11.glClearColor(FFFF)V+4
j  MyApplication.onCreate()V+7
j  GLApp.init()V+53
j  GLApp.start()V+16
j  MainKt.main([Ljava/lang/String;)V+13
v  ~StubRoutines::call_stub

siginfo: EXCEPTION_ACCESS_VIOLATION (0xc0000005), reading address 0x0000000000000070


Register to memory mapping:

RIP=0x00007ffcfce3c5b9 lwjgl_opengl.dll
RAX=0x000001915863a020 points into unknown readable memory: 0x0000000000000000 | 00 00 00 00 00 00 00 00
RBX={method} {0x0000019154a36cc0} 'glClearColor' '(FFFF)V' in 'org/lwjgl/opengl/GL11C'
RCX=0x0 is NULL
RDX=0x00000020e09ff348 is pointing into the stack for thread: 0x000001913481dc40
RSP=0x00000020e09ff2a8 is pointing into the stack for thread: 0x000001913481dc40
RBP=0x00000020e09ff338 is pointing into the stack for thread: 0x000001913481dc40
RSI=0x00000191542b5778 is pointing into metadata
RDI=0x000001913f4294fe is at code_begin+1118 in an Interpreter codelet
return entry points  [0x000001913f4290a0, 0x000001913f429ba0]  2816 bytes
R8 =0x0000000000000002 is an unknown value
R9 =0x0000000000000002 is an unknown value
R10=0x000001913f42d5f2 is at code_begin+946 in an Interpreter codelet
method entry point (kind = native)  [0x000001913f42d240, 0x000001913f42dbc0]  2432 bytes
R11=0x000000071b5fa4f0 is an oop: java.lang.Class 
{0x000000071b5fa4f0} - klass: 'java/lang/Class'
 - ---- fields (total size 116 words):
 - private volatile transient 'classRedefinedCount' 'I' @12  0
 - private volatile transient 'cachedConstructor' 'Ljava/lang/reflect/Constructor;' @40  NULL (0)
 - private transient 'name' 'Ljava/lang/String;' @44  "org.lwjgl.opengl.GL11C"{0x000000071b5fa8a0} (e36bf514)
 - private transient 'module' 'Ljava/lang/Module;' @48  a 'java/lang/Module'{0x000000071c0ee478} (e381dc8f)
 - private final 'classLoader' 'Ljava/lang/ClassLoader;' @52  a 'jdk/internal/loader/ClassLoaders$AppClassLoader'{0x000000071c0ee2b8} (e381dc57)
 - private transient 'classData' 'Ljava/lang/Object;' @56  NULL (0)
 - private transient 'packageName' 'Ljava/lang/String;' @60  "org.lwjgl.opengl"{0x000000071b48e788} (e3691cf1)
 - private final 'componentType' 'Ljava/lang/Class;' @64  NULL (0)
 - private volatile transient 'reflectionData' 'Ljava/lang/ref/SoftReference;' @68  NULL (0)
 - private volatile transient 'genericInfo' 'Lsun/reflect/generics/repository/ClassRepository;' @72  NULL (0)
 - private volatile transient 'enumConstants' '[Ljava/lang/Object;' @76  NULL (0)
 - private volatile transient 'enumConstantDirectory' 'Ljava/util/Map;' @80  NULL (0)
 - private volatile transient 'annotationData' 'Ljava/lang/Class$AnnotationData;' @84  NULL (0)
 - private volatile transient 'annotationType' 'Lsun/reflect/annotation/AnnotationType;' @88  NULL (0)
 - transient 'classValueMap' 'Ljava/lang/ClassValue$ClassValueMap;' @92  NULL (0)
 - signature: Lorg/lwjgl/opengl/GL11C;
 - fake entry for mirror: 'org/lwjgl/opengl/GL11C'
 - fake entry for array: NULL
 - fake entry for oop_size: 116
 - fake entry for static_oop_field_count: 0
 - public static final 'GL_NEVER' 'I' @112  512 (200)
 - public static final 'GL_LESS' 'I' @116  513 (201)
 - public static final 'GL_EQUAL' 'I' @120  514 (202)
 - public static final 'GL_LEQUAL' 'I' @124  515 (203)
 - public static final 'GL_GREATER' 'I' @128  516 (204)
 - public static final 'GL_NOTEQUAL' 'I' @132  517 (205)
 - public static final 'GL_GEQUAL' 'I' @136  518 (206)
 - public static final 'GL_ALWAYS' 'I' @140  519 (207)
 - public static final 'GL_DEPTH_BUFFER_BIT' 'I' @144  256 (100)
 - public static final 'GL_STENCIL_BUFFER_BIT' 'I' @148  1024 (400)
 - public static final 'GL_COLOR_BUFFER_BIT' 'I' @152  16384 (4000)
 - public static final 'GL_POINTS' 'I' @156  0
 - public static final 'GL_LINES' 'I' @160  1
 - public static final 'GL_LINE_LOOP' 'I' @164  2
 - public static final 'GL_LINE_STRIP' 'I' @168  3
 - public static final 'GL_TRIANGLES' 'I' @172  4
 - public static final 'GL_TRIANGLE_STRIP' 'I' @176  5
 - public static final 'GL_TRIANGLE_FAN' 'I' @180  6
 - public static final 'GL_QUADS' 'I' @184  7
 - public static final 'GL_ZERO' 'I' @188  0
 - public static final 'GL_ONE' 'I' @192  1
 - public static final 'GL_SRC_COLOR' 'I' @196  768 (300)
 - public static final 'GL_ONE_MINUS_SRC_COLOR' 'I' @200  769 (301)
 - public static final 'GL_SRC_ALPHA' 'I' @204  770 (302)
 - public static final 'GL_ONE_MINUS_SRC_ALPHA' 'I' @208  771 (303)
 - public static final 'GL_DST_ALPHA' 'I' @212  772 (304)
 - public static final 'GL_ONE_MINUS_DST_ALPHA' 'I' @216  773 (305)
 - public static final 'GL_DST_COLOR' 'I' @220  774 (306)
 - public static final 'GL_ONE_MINUS_DST_COLOR' 'I' @224  775 (307)
 - public static final 'GL_SRC_ALPHA_SATURATE' 'I' @228  776 (308)
 - public static final 'GL_TRUE' 'I' @232  1
 - public static final 'GL_FALSE' 'I' @236  0
 - public static final 'GL_BYTE' 'I' @240  5120 (1400)
 - public static final 'GL_UNSIGNED_BYTE' 'I' @244  5121 (1401)
 - public static final 'GL_SHORT' 'I' @248  5122 (1402)
 - public static final 'GL_UNSIGNED_SHORT' 'I' @252  5123 (1403)
 - public static final 'GL_INT' 'I' @256  5124 (1404)
 - public static final 'GL_UNSIGNED_INT' 'I' @260  5125 (1405)
 - public static final 'GL_FLOAT' 'I' @264  5126 (1406)
 - public static final 'GL_DOUBLE' 'I' @268  5130 (140a)
 - public static final 'GL_NONE' 'I' @272  0
 - public static final 'GL_FRONT_LEFT' 'I' @276  1024 (400)
 - public static final 'GL_FRONT_RIGHT' 'I' @280  1025 (401)
 - public static final 'GL_BACK_LEFT' 'I' @284  1026 (402)
 - public static final 'GL_BACK_RIGHT' 'I' @288  1027 (403)
 - public static final 'GL_FRONT' 'I' @292  1028 (404)
 - public static final 'GL_BACK' 'I' @296  1029 (405)
 - public static final 'GL_LEFT' 'I' @300  1030 (406)
 - public static final 'GL_RIGHT' 'I' @304  1031 (407)
 - public static final 'GL_FRONT_AND_BACK' 'I' @308  1032 (408)
 - public static final 'GL_NO_ERROR' 'I' @312  0
 - public static final 'GL_INVALID_ENUM' 'I' @316  1280 (500)
 - public static final 'GL_INVALID_VALUE' 'I' @320  1281 (501)
 - public static final 'GL_INVALID_OPERATION' 'I' @324  1282 (502)
 - public static final 'GL_STACK_OVERFLOW' 'I' @328  1283 (503)
 - public static final 'GL_STACK_UNDERFLOW' 'I' @332  1284 (504)
 - public static final 'GL_OUT_OF_MEMORY' 'I' @336  1285 (505)
 - public static final 'GL_CW' 'I' @340  2304 (900)
 - public static final 'GL_CCW' 'I' @344  2305 (901)
 - public static final 'GL_POINT_SIZE' 'I' @348  2833 (b11)
 - public static final 'GL_POINT_SIZE_RANGE' 'I' @352  2834 (b12)
 - public static final 'GL_POINT_SIZE_GRANULARITY' 'I' @356  2835 (b13)
 - public static final 'GL_LINE_SMOOTH' 'I' @360  2848 (b20)
 - public static final 'GL_LINE_WIDTH' 'I' @364  2849 (b21)
 - public static final 'GL_LINE_WIDTH_RANGE' 'I' @368  2850 (b22)
 - public static final 'GL_LINE_WIDTH_GRANULARITY' 'I' @372  2851 (b23)
 - public static final 'GL_POLYGON_MODE' 'I' @376  2880 (b40)
 - public static final 'GL_POLYGON_SMOOTH' 'I' @380  2881 (b41)
 - public static final 'GL_CULL_FACE' 'I' @384  2884 (b44)
 - public static final 'GL_CULL_FACE_MODE' 'I' @388  2885 (b45)
 - public static final 'GL_FRONT_FACE' 'I' @392  2886 (b46)
 - public static final 'GL_DEPTH_RANGE' 'I' @396  2928 (b70)
 - public static final 'GL_DEPTH_TEST' 'I' @400  2929 (b71)
 - public static final 'GL_DEPTH_WRITEMASK' 'I' @404  2930 (b72)
 - public static final 'GL_DEPTH_CLEAR_VALUE' 'I' @408  2931 (b73)
 - public static final 'GL_DEPTH_FUNC' 'I' @412  2932 (b74)
 - public static final 'GL_STENCIL_TEST' 'I' @416  2960 (b90)
 - public static final 'GL_STENCIL_CLEAR_VALUE' 'I' @420  2961 (b91)
 - public static final 'GL_STENCIL_FUNC' 'I' @424  2962 (b92)
 - public static final 'GL_STENCIL_VALUE_MASK' 'I' @428  2963 (b93)
 - public static final 'GL_STENCIL_FAIL' 'I' @432  2964 (b94)
 - public static final 'GL_STENCIL_PASS_DEPTH_FAIL' 'I' @436  2965 (b95)
 - public static final 'GL_STENCIL_PASS_DEPTH_PASS' 'I' @440  2966 (b96)
 - public static final 'GL_STENCIL_REF' 'I' @444  2967 (b97)
 - public static final 'GL_STENCIL_WRITEMASK' 'I' @448  2968 (b98)
 - public static final 'GL_VIEWPORT' 'I' @452  2978 (ba2)
 - public static final 'GL_DITHER' 'I' @456  3024 (bd0)
 - public static final 'GL_BLEND_DST' 'I' @460  3040 (be0)
 - public static final 'GL_BLEND_SRC' 'I' @464  3041 (be1)
 - public static final 'GL_BLEND' 'I' @468  3042 (be2)
 - public static final 'GL_LOGIC_OP_MODE' 'I' @472  3056 (bf0)
 - public static final 'GL_COLOR_LOGIC_OP' 'I' @476  3058 (bf2)
 - public static final 'GL_DRAW_BUFFER' 'I' @480  3073 (c01)
 - public static final 'GL_READ_BUFFER' 'I' @484  3074 (c02)
 - public static final 'GL_SCISSOR_BOX' 'I' @488  3088 (c10)
 - public static final 'GL_SCISSOR_TEST' 'I' @492  3089 (c11)
 - public static final 'GL_COLOR_CLEAR_VALUE' 'I' @496  3106 (c22)
 - public static final 'GL_COLOR_WRITEMASK' 'I' @500  3107 (c23)
 - public static final 'GL_DOUBLEBUFFER' 'I' @504  3122 (c32)
 - public static final 'GL_STEREO' 'I' @508  3123 (c33)
 - public static final 'GL_LINE_SMOOTH_HINT' 'I' @512  3154 (c52)
 - public static final 'GL_POLYGON_SMOOTH_HINT' 'I' @516  3155 (c53)
 - public static final 'GL_UNPACK_SWAP_BYTES' 'I' @520  3312 (cf0)
 - public static final 'GL_UNPACK_LSB_FIRST' 'I' @524  3313 (cf1)
 - public static final 'GL_UNPACK_ROW_LENGTH' 'I' @528  3314 (cf2)
 - public static final 'GL_UNPACK_SKIP_ROWS' 'I' @532  3315 (cf3)
 - public static final 'GL_UNPACK_SKIP_PIXELS' 'I' @536  3316 (cf4)
 - public static final 'GL_UNPACK_ALIGNMENT' 'I' @540  3317 (cf5)
 - public static final 'GL_PACK_SWAP_BYTES' 'I' @544  3328 (d00)
 - public static final 'GL_PACK_LSB_FIRST' 'I' @548  3329 (d01)
 - public static final 'GL_PACK_ROW_LENGTH' 'I' @552  3330 (d02)
 - public static final 'GL_PACK_SKIP_ROWS' 'I' @556  3331 (d03)
 - public static final 'GL_PACK_SKIP_PIXELS' 'I' @560  3332 (d04)
 - public static final 'GL_PACK_ALIGNMENT' 'I' @564  3333 (d05)
 - public static final 'GL_MAX_TEXTURE_SIZE' 'I' @568  3379 (d33)
 - public static final 'GL_MAX_VIEWPORT_DIMS' 'I' @572  3386 (d3a)
 - public static final 'GL_SUBPIXEL_BITS' 'I' @576  3408 (d50)
 - public static final 'GL_TEXTURE_1D' 'I' @580  3552 (de0)
 - public static final 'GL_TEXTURE_2D' 'I' @584  3553 (de1)
 - public static final 'GL_TEXTURE_WIDTH' 'I' @588  4096 (1000)
 - public static final 'GL_TEXTURE_HEIGHT' 'I' @592  4097 (1001)
 - public static final 'GL_TEXTURE_INTERNAL_FORMAT' 'I' @596  4099 (1003)
 - public static final 'GL_TEXTURE_BORDER_COLOR' 'I' @600  4100 (1004)
 - public static final 'GL_DONT_CARE' 'I' @604  4352 (1100)
 - public static final 'GL_FASTEST' 'I' @608  4353 (1101)
 - public static final 'GL_NICEST' 'I' @612  4354 (1102)
 - public static final 'GL_CLEAR' 'I' @616  5376 (1500)
 - public static final 'GL_AND' 'I' @620  5377 (1501)
 - public static final 'GL_AND_REVERSE' 'I' @624  5378 (1502)
 - public static final 'GL_COPY' 'I' @628  5379 (1503)
 - public static final 'GL_AND_INVERTED' 'I' @632  5380 (1504)
 - public static final 'GL_NOOP' 'I' @636  5381 (1505)
 - public static final 'GL_XOR' 'I' @640  5382 (1506)
 - public static final 'GL_OR' 'I' @644  5383 (1507)
 - public static final 'GL_NOR' 'I' @648  5384 (1508)
 - public static final 'GL_EQUIV' 'I' @652  5385 (1509)
 - public static final 'GL_INVERT' 'I' @656  5386 (150a)
 - public static final 'GL_OR_REVERSE' 'I' @660  5387 (150b)
 - public static final 'GL_COPY_INVERTED' 'I' @664  5388 (150c)
 - public static final 'GL_OR_INVERTED' 'I' @668  5389 (150d)
 - public static final 'GL_NAND' 'I' @672  5390 (150e)
 - public static final 'GL_SET' 'I' @676  5391 (150f)
 - public static final 'GL_TEXTURE' 'I' @680  5890 (1702)
 - public static final 'GL_COLOR' 'I' @684  6144 (1800)
 - public static final 'GL_DEPTH' 'I' @688  6145 (1801)
 - public static final 'GL_STENCIL' 'I' @692  6146 (1802)
 - public static final 'GL_STENCIL_INDEX' 'I' @696  6401 (1901)
 - public static final 'GL_DEPTH_COMPONENT' 'I' @700  6402 (1902)
 - public static final 'GL_RED' 'I' @704  6403 (1903)
 - public static final 'GL_GREEN' 'I' @708  6404 (1904)
 - public static final 'GL_BLUE' 'I' @712  6405 (1905)
 - public static final 'GL_ALPHA' 'I' @716  6406 (1906)
 - public static final 'GL_RGB' 'I' @720  6407 (1907)
 - public static final 'GL_RGBA' 'I' @724  6408 (1908)
 - public static final 'GL_POINT' 'I' @728  6912 (1b00)
 - public static final 'GL_LINE' 'I' @732  6913 (1b01)
 - public static final 'GL_FILL' 'I' @736  6914 (1b02)
 - public static final 'GL_KEEP' 'I' @740  7680 (1e00)
 - public static final 'GL_REPLACE' 'I' @744  7681 (1e01)
 - public static final 'GL_INCR' 'I' @748  7682 (1e02)
 - public static final 'GL_DECR' 'I' @752  7683 (1e03)
 - public static final 'GL_VENDOR' 'I' @756  7936 (1f00)
 - public static final 'GL_RENDERER' 'I' @760  7937 (1f01)
 - public static final 'GL_VERSION' 'I' @764  7938 (1f02)
 - public static final 'GL_EXTENSIONS' 'I' @768  7939 (1f03)
 - public static final 'GL_NEAREST' 'I' @772  9728 (2600)
 - public static final 'GL_LINEAR' 'I' @776  9729 (2601)
 - public static final 'GL_NEAREST_MIPMAP_NEAREST' 'I' @780  9984 (2700)
 - public static final 'GL_LINEAR_MIPMAP_NEAREST' 'I' @784  9985 (2701)
 - public static final 'GL_NEAREST_MIPMAP_LINEAR' 'I' @788  9986 (2702)
 - public static final 'GL_LINEAR_MIPMAP_LINEAR' 'I' @792  9987 (2703)
 - public static final 'GL_TEXTURE_MAG_FILTER' 'I' @796  10240 (2800)
 - public static final 'GL_TEXTURE_MIN_FILTER' 'I' @800  10241 (2801)
 - public static final 'GL_TEXTURE_WRAP_S' 'I' @804  10242 (2802)
 - public static final 'GL_TEXTURE_WRAP_T' 'I' @808  10243 (2803)
 - public static final 'GL_REPEAT' 'I' @812  10497 (2901)
 - public static final 'GL_POLYGON_OFFSET_FACTOR' 'I' @816  32824 (8038)
 - public static final 'GL_POLYGON_OFFSET_UNITS' 'I' @820  10752 (2a00)
 - public static final 'GL_POLYGON_OFFSET_POINT' 'I' @824  10753 (2a01)
 - public static final 'GL_POLYGON_OFFSET_LINE' 'I' @828  10754 (2a02)
 - public static final 'GL_POLYGON_OFFSET_FILL' 'I' @832  32823 (8037)
 - public static final 'GL_R3_G3_B2' 'I' @836  10768 (2a10)
 - public static final 'GL_RGB4' 'I' @840  32847 (804f)
 - public static final 'GL_RGB5' 'I' @844  32848 (8050)
 - public static final 'GL_RGB8' 'I' @848  32849 (8051)
 - public static final 'GL_RGB10' 'I' @852  32850 (8052)
 - public static final 'GL_RGB12' 'I' @856  32851 (8053)
 - public static final 'GL_RGB16' 'I' @860  32852 (8054)
 - public static final 'GL_RGBA2' 'I' @864  32853 (8055)
 - public static final 'GL_RGBA4' 'I' @868  32854 (8056)
 - public static final 'GL_RGB5_A1' 'I' @872  32855 (8057)
 - public static final 'GL_RGBA8' 'I' @876  32856 (8058)
 - public static final 'GL_RGB10_A2' 'I' @880  32857 (8059)
 - public static final 'GL_RGBA12' 'I' @884  32858 (805a)
 - public static final 'GL_RGBA16' 'I' @888  32859 (805b)
 - public static final 'GL_TEXTURE_RED_SIZE' 'I' @892  32860 (805c)
 - public static final 'GL_TEXTURE_GREEN_SIZE' 'I' @896  32861 (805d)
 - public static final 'GL_TEXTURE_BLUE_SIZE' 'I' @900  32862 (805e)
 - public static final 'GL_TEXTURE_ALPHA_SIZE' 'I' @904  32863 (805f)
 - public static final 'GL_PROXY_TEXTURE_1D' 'I' @908  32867 (8063)
 - public static final 'GL_PROXY_TEXTURE_2D' 'I' @912  32868 (8064)
 - public static final 'GL_TEXTURE_BINDING_1D' 'I' @916  32872 (8068)
 - public static final 'GL_TEXTURE_BINDING_2D' 'I' @920  32873 (8069)
 - public static final 'GL_VERTEX_ARRAY' 'I' @924  32884 (8074)
R12=0x0 is NULL
R13=0x0000019154a36cb0 is pointing into metadata
R14=0x00000020e09ff370 is pointing into the stack for thread: 0x000001913481dc40
R15=0x000001913481dc40 is a thread


Registers:
RAX=0x000001915863a020, RBX=0x0000019154a36cb8, RCX=0x0000000000000000, RDX=0x00000020e09ff348
RSP=0x00000020e09ff2a8, RBP=0x00000020e09ff338, RSI=0x00000191542b5778, RDI=0x000001913f4294fe
R8 =0x0000000000000002, R9 =0x0000000000000002, R10=0x000001913f42d5f2, R11=0x000000071b5fa4f0
R12=0x0000000000000000, R13=0x0000019154a36cb0, R14=0x00000020e09ff370, R15=0x000001913481dc40
RIP=0x00007ffcfce3c5b9, EFLAGS=0x0000000000010206

Top of Stack: (sp=0x00000020e09ff2a8)
0x00000020e09ff2a8:   000001913f42d621 000001913f4294fe
0x00000020e09ff2b8:   000001913f42d33c 0000019154a36cb8
0x00000020e09ff2c8:   00000191542b5778 3ff000003f666666
0x00000020e09ff2d8:   0000019100000000 00000191542b5778
0x00000020e09ff2e8:   000001913f42d2f6 00000020e09ff2f0
0x00000020e09ff2f8:   0000019154a36cb0 00000020e09ff370
0x00000020e09ff308:   0000019154a3e8a8 0000000000000000
0x00000020e09ff318:   000000071b5fa4f0 0000019154a36cb8
0x00000020e09ff328:   0000000000000000 00000020e09ff358
0x00000020e09ff338:   00000020e09ff3c0 000001913f4294fe
0x00000020e09ff348:   000000071b5fa4f0 000001913f42af78
0x00000020e09ff358:   0000019100000000 000001913f666666
0x00000020e09ff368:   000001913e4ccccd 000001913f000000
0x00000020e09ff378:   00000020e09ff378 00000191549f87ac
0x00000020e09ff388:   00000020e09ff3e8 0000019154a28000
0x00000020e09ff398:   0000000000000000 000000071b56b3c0 

Instructions: (pc=0x00007ffcfce3c5b9)
0x00007ffcfce3c4b9:   cc cc cc cc cc cc cc 48 8b 01 49 8b c8 48 8b 50
0x00007ffcfce3c4c9:   18 48 ff a2 60 0a 00 00 cc cc cc cc cc cc cc cc
0x00007ffcfce3c4d9:   cc cc cc cc cc cc cc 48 8b 01 49 8b c8 48 8b 50
0x00007ffcfce3c4e9:   18 48 ff a2 68 0a 00 00 cc cc cc cc cc cc cc cc
0x00007ffcfce3c4f9:   cc cc cc cc cc cc cc 40 53 48 8b 01 41 8b d8 44
0x00007ffcfce3c509:   8b 44 24 30 41 8b d1 4c 8b 4c 24 38 8b cb 4c 8b
0x00007ffcfce3c519:   50 18 5b 49 ff a2 70 0a 00 00 cc cc cc cc cc cc
0x00007ffcfce3c529:   cc cc cc cc cc cc cc 48 8b 01 41 8b c8 48 8b 50
0x00007ffcfce3c539:   18 48 ff 22 cc cc cc 48 8b 01 41 8b c8 48 8b 50
0x00007ffcfce3c549:   18 48 ff 62 08 cc cc 48 8b 01 41 8b d1 41 8b c8
0x00007ffcfce3c559:   4c 8b 50 18 49 ff 62 38 cc cc cc cc cc cc cc cc
0x00007ffcfce3c569:   cc cc cc cc cc cc cc 48 8b 01 41 8b d1 41 8b c8
0x00007ffcfce3c579:   4c 8b 50 18 49 ff 62 48 cc cc cc cc cc cc cc cc
0x00007ffcfce3c589:   cc cc cc cc cc cc cc 48 8b 01 41 8b c8 48 8b 50
0x00007ffcfce3c599:   18 48 ff 62 60 cc cc 48 8b 01 0f 28 cb f3 0f 10
0x00007ffcfce3c5a9:   5c 24 30 0f 28 c2 f3 0f 10 54 24 28 48 8b 48 18
0x00007ffcfce3c5b9:   48 ff 61 70 cc cc cc 48 8b 01 0f 28 c2 48 8b 48
0x00007ffcfce3c5c9:   18 48 ff 61 78 cc cc 48 8b 01 41 8b c8 48 8b 50
0x00007ffcfce3c5d9:   18 48 ff a2 88 00 00 00 cc cc cc cc cc cc cc cc
0x00007ffcfce3c5e9:   cc cc cc cc cc cc cc 40 53 48 8b 01 41 0f b6 d8
0x00007ffcfce3c5f9:   44 0f b6 44 24 30 41 0f b6 d1 44 0f b6 4c 24 38
0x00007ffcfce3c609:   0f b6 cb 4c 8b 50 18 5b 49 ff a2 98 01 00 00 cc
0x00007ffcfce3c619:   cc cc cc cc cc cc cc 48 8b 01 41 8b c8 48 8b 50
0x00007ffcfce3c629:   18 48 ff a2 b8 01 00 00 cc cc cc cc cc cc cc cc
0x00007ffcfce3c639:   cc cc cc cc cc cc cc 48 8b 01 41 8b c8 48 8b 50
0x00007ffcfce3c649:   18 48 ff a2 c8 01 00 00 cc cc cc cc cc cc cc cc
0x00007ffcfce3c659:   cc cc cc cc cc cc cc 48 8b 01 41 0f b6 c8 48 8b
0x00007ffcfce3c669:   50 18 48 ff a2 d0 01 00 00 cc cc cc cc cc cc cc
0x00007ffcfce3c679:   cc cc cc cc cc cc cc 48 8b 01 0f 28 cb 0f 28 c2
0x00007ffcfce3c689:   48 8b 48 18 48 ff a1 d8 01 00 00 cc cc cc cc cc
0x00007ffcfce3c699:   cc cc cc cc cc cc cc 48 8b 01 45 8b d8 44 8b 44
0x00007ffcfce3c6a9:   24 28 41 8b d1 41 8b cb 4c 8b 50 18 49 ff a2 e8 


Stack slot to memory mapping:
stack at sp + 0 slots: 0x000001913f42d621 is at code_begin+993 in an Interpreter codelet
method entry point (kind = native)  [0x000001913f42d240, 0x000001913f42dbc0]  2432 bytes
stack at sp + 1 slots: 0x000001913f4294fe is at code_begin+1118 in an Interpreter codelet
return entry points  [0x000001913f4290a0, 0x000001913f429ba0]  2816 bytes
stack at sp + 2 slots: 0x000001913f42d33c is at code_begin+252 in an Interpreter codelet
method entry point (kind = native)  [0x000001913f42d240, 0x000001913f42dbc0]  2432 bytes
stack at sp + 3 slots: {method} {0x0000019154a36cc0} 'glClearColor' '(FFFF)V' in 'org/lwjgl/opengl/GL11C'
stack at sp + 4 slots: 0x00000191542b5778 is pointing into metadata
stack at sp + 5 slots: 0x3ff000003f666666 is an unknown value
stack at sp + 6 slots: 0x0000019100000000 is an unknown value
stack at sp + 7 slots: 0x00000191542b5778 is pointing into metadata


---------------  P R O C E S S  ---------------

Threads class SMR info:
_java_thread_list=0x00000191589f36c0, length=18, elements={
0x000001913481dc40, 0x0000019153a56340, 0x0000019153a56cf0, 0x0000019153a633b0,
0x0000019153aa0020, 0x0000019153aa09d0, 0x0000019153aa1380, 0x0000019153aa2110,
0x0000019153aa2bb0, 0x0000019153aa35a0, 0x0000019153c2d510, 0x0000019153c14a80,
0x0000019153c401b0, 0x00000191580832d0, 0x00000191583ec540, 0x00000191583a98e0,
0x0000019158991e10, 0x0000019158992730
}

Java Threads: ( => current thread )
=>0x000001913481dc40 JavaThread "main" [_thread_in_native, id=26476, stack(0x00000020e0900000,0x00000020e0a00000)]
  0x0000019153a56340 JavaThread "Reference Handler" daemon [_thread_blocked, id=23512, stack(0x00000020e1000000,0x00000020e1100000)]
  0x0000019153a56cf0 JavaThread "Finalizer" daemon [_thread_blocked, id=20156, stack(0x00000020e1100000,0x00000020e1200000)]
  0x0000019153a633b0 JavaThread "Signal Dispatcher" daemon [_thread_blocked, id=5908, stack(0x00000020e1200000,0x00000020e1300000)]
  0x0000019153aa0020 JavaThread "Attach Listener" daemon [_thread_blocked, id=4044, stack(0x00000020e1300000,0x00000020e1400000)]
  0x0000019153aa09d0 JavaThread "Service Thread" daemon [_thread_blocked, id=22040, stack(0x00000020e1400000,0x00000020e1500000)]
  0x0000019153aa1380 JavaThread "Monitor Deflation Thread" daemon [_thread_blocked, id=27836, stack(0x00000020e1500000,0x00000020e1600000)]
  0x0000019153aa2110 JavaThread "C2 CompilerThread0" daemon [_thread_blocked, id=26512, stack(0x00000020e1600000,0x00000020e1700000)]
  0x0000019153aa2bb0 JavaThread "C1 CompilerThread0" daemon [_thread_blocked, id=12640, stack(0x00000020e1700000,0x00000020e1800000)]
  0x0000019153aa35a0 JavaThread "Sweeper thread" daemon [_thread_blocked, id=2568, stack(0x00000020e1800000,0x00000020e1900000)]
  0x0000019153c2d510 JavaThread "Common-Cleaner" daemon [_thread_blocked, id=18796, stack(0x00000020e1900000,0x00000020e1a00000)]
  0x0000019153c14a80 JavaThread "C1 CompilerThread1" daemon [_thread_blocked, id=5224, stack(0x00000020e1a00000,0x00000020e1b00000)]
  0x0000019153c401b0 JavaThread "C2 CompilerThread1" daemon [_thread_blocked, id=7912, stack(0x00000020e1b00000,0x00000020e1c00000)]
  0x00000191580832d0 JavaThread "C2 CompilerThread2" daemon [_thread_blocked, id=12644, stack(0x00000020e1c00000,0x00000020e1d00000)]
  0x00000191583ec540 JavaThread "Monitor Ctrl-Break" daemon [_thread_in_native, id=17600, stack(0x00000020e1d00000,0x00000020e1e00000)]
  0x00000191583a98e0 JavaThread "Notification Thread" daemon [_thread_blocked, id=29556, stack(0x00000020e1e00000,0x00000020e1f00000)]
  0x0000019158991e10 JavaThread "C1 CompilerThread2" daemon [_thread_blocked, id=21836, stack(0x00000020e2300000,0x00000020e2400000)]
  0x0000019158992730 JavaThread "C1 CompilerThread3" daemon [_thread_blocked, id=16628, stack(0x00000020e2400000,0x00000020e2500000)]

Other Threads:
  0x00000191538becb0 VMThread "VM Thread" [stack: 0x00000020e0f00000,0x00000020e1000000] [id=5096]
  0x00000191348bca90 WatcherThread [stack: 0x00000020e1f00000,0x00000020e2000000] [id=27672]
  0x00000191348828f0 GCTaskThread "GC Thread#0" [stack: 0x00000020e0a00000,0x00000020e0b00000] [id=5176]
  0x00000191348945f0 ConcurrentGCThread "G1 Main Marker" [stack: 0x00000020e0b00000,0x00000020e0c00000] [id=30656]
  0x0000019134894f10 ConcurrentGCThread "G1 Conc#0" [stack: 0x00000020e0c00000,0x00000020e0d00000] [id=2672]
  0x00000191537539c0 ConcurrentGCThread "G1 Refine#0" [stack: 0x00000020e0d00000,0x00000020e0e00000] [id=13432]
  0x00000191537542e0 ConcurrentGCThread "G1 Service" [stack: 0x00000020e0e00000,0x00000020e0f00000] [id=16100]

Threads with active compile tasks:

VM state: not at safepoint (normal execution)

VM Mutex/Monitor currently owned by a thread: None

Heap address: 0x000000070ce00000, size: 3890 MB, Compressed Oops mode: Zero based, Oop shift amount: 3

CDS archive(s) not mapped
Compressed class space mapped at: 0x0000000800000000-0x0000000840000000, reserved size: 1073741824
Narrow klass base: 0x0000000800000000, Narrow klass shift: 0, Narrow klass range: 0x40000000

GC Precious Log:
 CPUs: 16 total, 16 available
 Memory: 15557M
 Large Page Support: Disabled
 NUMA Support: Disabled
 Compressed Oops: Enabled (Zero based)
 Heap Region Size: 2M
 Heap Min Capacity: 8M
 Heap Initial Capacity: 244M
 Heap Max Capacity: 3890M
 Pre-touch: Disabled
 Parallel Workers: 13
 Concurrent Workers: 3
 Concurrent Refinement Workers: 13
 Periodic GC: Disabled

Heap:
 garbage-first heap   total 249856K, used 14336K [0x000000070ce00000, 0x0000000800000000)
  region size 2048K, 8 young (16384K), 0 survivors (0K)
 Metaspace       used 10957K, committed 11072K, reserved 1114112K
  class space    used 902K, committed 960K, reserved 1048576K

Heap Regions: E=young(eden), S=young(survivor), O=old, HS=humongous(starts), HC=humongous(continues), CS=collection set, F=free, OA=open archive, CA=closed archive, TAMS=top-at-mark-start (previous, next)
|   0|0x000000070ce00000, 0x000000070ce00000, 0x000000070d000000|  0%| F|  |TAMS 0x000000070ce00000, 0x000000070ce00000| Untracked 
|   1|0x000000070d000000, 0x000000070d000000, 0x000000070d200000|  0%| F|  |TAMS 0x000000070d000000, 0x000000070d000000| Untracked 
|   2|0x000000070d200000, 0x000000070d200000, 0x000000070d400000|  0%| F|  |TAMS 0x000000070d200000, 0x000000070d200000| Untracked 
|   3|0x000000070d400000, 0x000000070d400000, 0x000000070d600000|  0%| F|  |TAMS 0x000000070d400000, 0x000000070d400000| Untracked 
|   4|0x000000070d600000, 0x000000070d600000, 0x000000070d800000|  0%| F|  |TAMS 0x000000070d600000, 0x000000070d600000| Untracked 
|   5|0x000000070d800000, 0x000000070d800000, 0x000000070da00000|  0%| F|  |TAMS 0x000000070d800000, 0x000000070d800000| Untracked 
|   6|0x000000070da00000, 0x000000070da00000, 0x000000070dc00000|  0%| F|  |TAMS 0x000000070da00000, 0x000000070da00000| Untracked 
|   7|0x000000070dc00000, 0x000000070dc00000, 0x000000070de00000|  0%| F|  |TAMS 0x000000070dc00000, 0x000000070dc00000| Untracked 
|   8|0x000000070de00000, 0x000000070de00000, 0x000000070e000000|  0%| F|  |TAMS 0x000000070de00000, 0x000000070de00000| Untracked 
|   9|0x000000070e000000, 0x000000070e000000, 0x000000070e200000|  0%| F|  |TAMS 0x000000070e000000, 0x000000070e000000| Untracked 
|  10|0x000000070e200000, 0x000000070e200000, 0x000000070e400000|  0%| F|  |TAMS 0x000000070e200000, 0x000000070e200000| Untracked 
|  11|0x000000070e400000, 0x000000070e400000, 0x000000070e600000|  0%| F|  |TAMS 0x000000070e400000, 0x000000070e400000| Untracked 
|  12|0x000000070e600000, 0x000000070e600000, 0x000000070e800000|  0%| F|  |TAMS 0x000000070e600000, 0x000000070e600000| Untracked 
|  13|0x000000070e800000, 0x000000070e800000, 0x000000070ea00000|  0%| F|  |TAMS 0x000000070e800000, 0x000000070e800000| Untracked 
|  14|0x000000070ea00000, 0x000000070ea00000, 0x000000070ec00000|  0%| F|  |TAMS 0x000000070ea00000, 0x000000070ea00000| Untracked 
|  15|0x000000070ec00000, 0x000000070ec00000, 0x000000070ee00000|  0%| F|  |TAMS 0x000000070ec00000, 0x000000070ec00000| Untracked 
|  16|0x000000070ee00000, 0x000000070ee00000, 0x000000070f000000|  0%| F|  |TAMS 0x000000070ee00000, 0x000000070ee00000| Untracked 
|  17|0x000000070f000000, 0x000000070f000000, 0x000000070f200000|  0%| F|  |TAMS 0x000000070f000000, 0x000000070f000000| Untracked 
|  18|0x000000070f200000, 0x000000070f200000, 0x000000070f400000|  0%| F|  |TAMS 0x000000070f200000, 0x000000070f200000| Untracked 
|  19|0x000000070f400000, 0x000000070f400000, 0x000000070f600000|  0%| F|  |TAMS 0x000000070f400000, 0x000000070f400000| Untracked 
|  20|0x000000070f600000, 0x000000070f600000, 0x000000070f800000|  0%| F|  |TAMS 0x000000070f600000, 0x000000070f600000| Untracked 
|  21|0x000000070f800000, 0x000000070f800000, 0x000000070fa00000|  0%| F|  |TAMS 0x000000070f800000, 0x000000070f800000| Untracked 
|  22|0x000000070fa00000, 0x000000070fa00000, 0x000000070fc00000|  0%| F|  |TAMS 0x000000070fa00000, 0x000000070fa00000| Untracked 
|  23|0x000000070fc00000, 0x000000070fc00000, 0x000000070fe00000|  0%| F|  |TAMS 0x000000070fc00000, 0x000000070fc00000| Untracked 
|  24|0x000000070fe00000, 0x000000070fe00000, 0x0000000710000000|  0%| F|  |TAMS 0x000000070fe00000, 0x000000070fe00000| Untracked 
|  25|0x0000000710000000, 0x0000000710000000, 0x0000000710200000|  0%| F|  |TAMS 0x0000000710000000, 0x0000000710000000| Untracked 
|  26|0x0000000710200000, 0x0000000710200000, 0x0000000710400000|  0%| F|  |TAMS 0x0000000710200000, 0x0000000710200000| Untracked 
|  27|0x0000000710400000, 0x0000000710400000, 0x0000000710600000|  0%| F|  |TAMS 0x0000000710400000, 0x0000000710400000| Untracked 
|  28|0x0000000710600000, 0x0000000710600000, 0x0000000710800000|  0%| F|  |TAMS 0x0000000710600000, 0x0000000710600000| Untracked 
|  29|0x0000000710800000, 0x0000000710800000, 0x0000000710a00000|  0%| F|  |TAMS 0x0000000710800000, 0x0000000710800000| Untracked 
|  30|0x0000000710a00000, 0x0000000710a00000, 0x0000000710c00000|  0%| F|  |TAMS 0x0000000710a00000, 0x0000000710a00000| Untracked 
|  31|0x0000000710c00000, 0x0000000710c00000, 0x0000000710e00000|  0%| F|  |TAMS 0x0000000710c00000, 0x0000000710c00000| Untracked 
|  32|0x0000000710e00000, 0x0000000710e00000, 0x0000000711000000|  0%| F|  |TAMS 0x0000000710e00000, 0x0000000710e00000| Untracked 
|  33|0x0000000711000000, 0x0000000711000000, 0x0000000711200000|  0%| F|  |TAMS 0x0000000711000000, 0x0000000711000000| Untracked 
|  34|0x0000000711200000, 0x0000000711200000, 0x0000000711400000|  0%| F|  |TAMS 0x0000000711200000, 0x0000000711200000| Untracked 
|  35|0x0000000711400000, 0x0000000711400000, 0x0000000711600000|  0%| F|  |TAMS 0x0000000711400000, 0x0000000711400000| Untracked 
|  36|0x0000000711600000, 0x0000000711600000, 0x0000000711800000|  0%| F|  |TAMS 0x0000000711600000, 0x0000000711600000| Untracked 
|  37|0x0000000711800000, 0x0000000711800000, 0x0000000711a00000|  0%| F|  |TAMS 0x0000000711800000, 0x0000000711800000| Untracked 
|  38|0x0000000711a00000, 0x0000000711a00000, 0x0000000711c00000|  0%| F|  |TAMS 0x0000000711a00000, 0x0000000711a00000| Untracked 
|  39|0x0000000711c00000, 0x0000000711c00000, 0x0000000711e00000|  0%| F|  |TAMS 0x0000000711c00000, 0x0000000711c00000| Untracked 
|  40|0x0000000711e00000, 0x0000000711e00000, 0x0000000712000000|  0%| F|  |TAMS 0x0000000711e00000, 0x0000000711e00000| Untracked 
|  41|0x0000000712000000, 0x0000000712000000, 0x0000000712200000|  0%| F|  |TAMS 0x0000000712000000, 0x0000000712000000| Untracked 
|  42|0x0000000712200000, 0x0000000712200000, 0x0000000712400000|  0%| F|  |TAMS 0x0000000712200000, 0x0000000712200000| Untracked 
|  43|0x0000000712400000, 0x0000000712400000, 0x0000000712600000|  0%| F|  |TAMS 0x0000000712400000, 0x0000000712400000| Untracked 
|  44|0x0000000712600000, 0x0000000712600000, 0x0000000712800000|  0%| F|  |TAMS 0x0000000712600000, 0x0000000712600000| Untracked 
|  45|0x0000000712800000, 0x0000000712800000, 0x0000000712a00000|  0%| F|  |TAMS 0x0000000712800000, 0x0000000712800000| Untracked 
|  46|0x0000000712a00000, 0x0000000712a00000, 0x0000000712c00000|  0%| F|  |TAMS 0x0000000712a00000, 0x0000000712a00000| Untracked 
|  47|0x0000000712c00000, 0x0000000712c00000, 0x0000000712e00000|  0%| F|  |TAMS 0x0000000712c00000, 0x0000000712c00000| Untracked 
|  48|0x0000000712e00000, 0x0000000712e00000, 0x0000000713000000|  0%| F|  |TAMS 0x0000000712e00000, 0x0000000712e00000| Untracked 
|  49|0x0000000713000000, 0x0000000713000000, 0x0000000713200000|  0%| F|  |TAMS 0x0000000713000000, 0x0000000713000000| Untracked 
|  50|0x0000000713200000, 0x0000000713200000, 0x0000000713400000|  0%| F|  |TAMS 0x0000000713200000, 0x0000000713200000| Untracked 
|  51|0x0000000713400000, 0x0000000713400000, 0x0000000713600000|  0%| F|  |TAMS 0x0000000713400000, 0x0000000713400000| Untracked 
|  52|0x0000000713600000, 0x0000000713600000, 0x0000000713800000|  0%| F|  |TAMS 0x0000000713600000, 0x0000000713600000| Untracked 
|  53|0x0000000713800000, 0x0000000713800000, 0x0000000713a00000|  0%| F|  |TAMS 0x0000000713800000, 0x0000000713800000| Untracked 
|  54|0x0000000713a00000, 0x0000000713a00000, 0x0000000713c00000|  0%| F|  |TAMS 0x0000000713a00000, 0x0000000713a00000| Untracked 
|  55|0x0000000713c00000, 0x0000000713c00000, 0x0000000713e00000|  0%| F|  |TAMS 0x0000000713c00000, 0x0000000713c00000| Untracked 
|  56|0x0000000713e00000, 0x0000000713e00000, 0x0000000714000000|  0%| F|  |TAMS 0x0000000713e00000, 0x0000000713e00000| Untracked 
|  57|0x0000000714000000, 0x0000000714000000, 0x0000000714200000|  0%| F|  |TAMS 0x0000000714000000, 0x0000000714000000| Untracked 
|  58|0x0000000714200000, 0x0000000714200000, 0x0000000714400000|  0%| F|  |TAMS 0x0000000714200000, 0x0000000714200000| Untracked 
|  59|0x0000000714400000, 0x0000000714400000, 0x0000000714600000|  0%| F|  |TAMS 0x0000000714400000, 0x0000000714400000| Untracked 
|  60|0x0000000714600000, 0x0000000714600000, 0x0000000714800000|  0%| F|  |TAMS 0x0000000714600000, 0x0000000714600000| Untracked 
|  61|0x0000000714800000, 0x0000000714800000, 0x0000000714a00000|  0%| F|  |TAMS 0x0000000714800000, 0x0000000714800000| Untracked 
|  62|0x0000000714a00000, 0x0000000714a00000, 0x0000000714c00000|  0%| F|  |TAMS 0x0000000714a00000, 0x0000000714a00000| Untracked 
|  63|0x0000000714c00000, 0x0000000714c00000, 0x0000000714e00000|  0%| F|  |TAMS 0x0000000714c00000, 0x0000000714c00000| Untracked 
|  64|0x0000000714e00000, 0x0000000714e00000, 0x0000000715000000|  0%| F|  |TAMS 0x0000000714e00000, 0x0000000714e00000| Untracked 
|  65|0x0000000715000000, 0x0000000715000000, 0x0000000715200000|  0%| F|  |TAMS 0x0000000715000000, 0x0000000715000000| Untracked 
|  66|0x0000000715200000, 0x0000000715200000, 0x0000000715400000|  0%| F|  |TAMS 0x0000000715200000, 0x0000000715200000| Untracked 
|  67|0x0000000715400000, 0x0000000715400000, 0x0000000715600000|  0%| F|  |TAMS 0x0000000715400000, 0x0000000715400000| Untracked 
|  68|0x0000000715600000, 0x0000000715600000, 0x0000000715800000|  0%| F|  |TAMS 0x0000000715600000, 0x0000000715600000| Untracked 
|  69|0x0000000715800000, 0x0000000715800000, 0x0000000715a00000|  0%| F|  |TAMS 0x0000000715800000, 0x0000000715800000| Untracked 
|  70|0x0000000715a00000, 0x0000000715a00000, 0x0000000715c00000|  0%| F|  |TAMS 0x0000000715a00000, 0x0000000715a00000| Untracked 
|  71|0x0000000715c00000, 0x0000000715c00000, 0x0000000715e00000|  0%| F|  |TAMS 0x0000000715c00000, 0x0000000715c00000| Untracked 
|  72|0x0000000715e00000, 0x0000000715e00000, 0x0000000716000000|  0%| F|  |TAMS 0x0000000715e00000, 0x0000000715e00000| Untracked 
|  73|0x0000000716000000, 0x0000000716000000, 0x0000000716200000|  0%| F|  |TAMS 0x0000000716000000, 0x0000000716000000| Untracked 
|  74|0x0000000716200000, 0x0000000716200000, 0x0000000716400000|  0%| F|  |TAMS 0x0000000716200000, 0x0000000716200000| Untracked 
|  75|0x0000000716400000, 0x0000000716400000, 0x0000000716600000|  0%| F|  |TAMS 0x0000000716400000, 0x0000000716400000| Untracked 
|  76|0x0000000716600000, 0x0000000716600000, 0x0000000716800000|  0%| F|  |TAMS 0x0000000716600000, 0x0000000716600000| Untracked 
|  77|0x0000000716800000, 0x0000000716800000, 0x0000000716a00000|  0%| F|  |TAMS 0x0000000716800000, 0x0000000716800000| Untracked 
|  78|0x0000000716a00000, 0x0000000716a00000, 0x0000000716c00000|  0%| F|  |TAMS 0x0000000716a00000, 0x0000000716a00000| Untracked 
|  79|0x0000000716c00000, 0x0000000716c00000, 0x0000000716e00000|  0%| F|  |TAMS 0x0000000716c00000, 0x0000000716c00000| Untracked 
|  80|0x0000000716e00000, 0x0000000716e00000, 0x0000000717000000|  0%| F|  |TAMS 0x0000000716e00000, 0x0000000716e00000| Untracked 
|  81|0x0000000717000000, 0x0000000717000000, 0x0000000717200000|  0%| F|  |TAMS 0x0000000717000000, 0x0000000717000000| Untracked 
|  82|0x0000000717200000, 0x0000000717200000, 0x0000000717400000|  0%| F|  |TAMS 0x0000000717200000, 0x0000000717200000| Untracked 
|  83|0x0000000717400000, 0x0000000717400000, 0x0000000717600000|  0%| F|  |TAMS 0x0000000717400000, 0x0000000717400000| Untracked 
|  84|0x0000000717600000, 0x0000000717600000, 0x0000000717800000|  0%| F|  |TAMS 0x0000000717600000, 0x0000000717600000| Untracked 
|  85|0x0000000717800000, 0x0000000717800000, 0x0000000717a00000|  0%| F|  |TAMS 0x0000000717800000, 0x0000000717800000| Untracked 
|  86|0x0000000717a00000, 0x0000000717a00000, 0x0000000717c00000|  0%| F|  |TAMS 0x0000000717a00000, 0x0000000717a00000| Untracked 
|  87|0x0000000717c00000, 0x0000000717c00000, 0x0000000717e00000|  0%| F|  |TAMS 0x0000000717c00000, 0x0000000717c00000| Untracked 
|  88|0x0000000717e00000, 0x0000000717e00000, 0x0000000718000000|  0%| F|  |TAMS 0x0000000717e00000, 0x0000000717e00000| Untracked 
|  89|0x0000000718000000, 0x0000000718000000, 0x0000000718200000|  0%| F|  |TAMS 0x0000000718000000, 0x0000000718000000| Untracked 
|  90|0x0000000718200000, 0x0000000718200000, 0x0000000718400000|  0%| F|  |TAMS 0x0000000718200000, 0x0000000718200000| Untracked 
|  91|0x0000000718400000, 0x0000000718400000, 0x0000000718600000|  0%| F|  |TAMS 0x0000000718400000, 0x0000000718400000| Untracked 
|  92|0x0000000718600000, 0x0000000718600000, 0x0000000718800000|  0%| F|  |TAMS 0x0000000718600000, 0x0000000718600000| Untracked 
|  93|0x0000000718800000, 0x0000000718800000, 0x0000000718a00000|  0%| F|  |TAMS 0x0000000718800000, 0x0000000718800000| Untracked 
|  94|0x0000000718a00000, 0x0000000718a00000, 0x0000000718c00000|  0%| F|  |TAMS 0x0000000718a00000, 0x0000000718a00000| Untracked 
|  95|0x0000000718c00000, 0x0000000718c00000, 0x0000000718e00000|  0%| F|  |TAMS 0x0000000718c00000, 0x0000000718c00000| Untracked 
|  96|0x0000000718e00000, 0x0000000718e00000, 0x0000000719000000|  0%| F|  |TAMS 0x0000000718e00000, 0x0000000718e00000| Untracked 
|  97|0x0000000719000000, 0x0000000719000000, 0x0000000719200000|  0%| F|  |TAMS 0x0000000719000000, 0x0000000719000000| Untracked 
|  98|0x0000000719200000, 0x0000000719200000, 0x0000000719400000|  0%| F|  |TAMS 0x0000000719200000, 0x0000000719200000| Untracked 
|  99|0x0000000719400000, 0x0000000719400000, 0x0000000719600000|  0%| F|  |TAMS 0x0000000719400000, 0x0000000719400000| Untracked 
| 100|0x0000000719600000, 0x0000000719600000, 0x0000000719800000|  0%| F|  |TAMS 0x0000000719600000, 0x0000000719600000| Untracked 
| 101|0x0000000719800000, 0x0000000719800000, 0x0000000719a00000|  0%| F|  |TAMS 0x0000000719800000, 0x0000000719800000| Untracked 
| 102|0x0000000719a00000, 0x0000000719a00000, 0x0000000719c00000|  0%| F|  |TAMS 0x0000000719a00000, 0x0000000719a00000| Untracked 
| 103|0x0000000719c00000, 0x0000000719c00000, 0x0000000719e00000|  0%| F|  |TAMS 0x0000000719c00000, 0x0000000719c00000| Untracked 
| 104|0x0000000719e00000, 0x0000000719e00000, 0x000000071a000000|  0%| F|  |TAMS 0x0000000719e00000, 0x0000000719e00000| Untracked 
| 105|0x000000071a000000, 0x000000071a000000, 0x000000071a200000|  0%| F|  |TAMS 0x000000071a000000, 0x000000071a000000| Untracked 
| 106|0x000000071a200000, 0x000000071a200000, 0x000000071a400000|  0%| F|  |TAMS 0x000000071a200000, 0x000000071a200000| Untracked 
| 107|0x000000071a400000, 0x000000071a400000, 0x000000071a600000|  0%| F|  |TAMS 0x000000071a400000, 0x000000071a400000| Untracked 
| 108|0x000000071a600000, 0x000000071a600000, 0x000000071a800000|  0%| F|  |TAMS 0x000000071a600000, 0x000000071a600000| Untracked 
| 109|0x000000071a800000, 0x000000071a800000, 0x000000071aa00000|  0%| F|  |TAMS 0x000000071a800000, 0x000000071a800000| Untracked 
| 110|0x000000071aa00000, 0x000000071aa00000, 0x000000071ac00000|  0%| F|  |TAMS 0x000000071aa00000, 0x000000071aa00000| Untracked 
| 111|0x000000071ac00000, 0x000000071ac00000, 0x000000071ae00000|  0%| F|  |TAMS 0x000000071ac00000, 0x000000071ac00000| Untracked 
| 112|0x000000071ae00000, 0x000000071ae00000, 0x000000071b000000|  0%| F|  |TAMS 0x000000071ae00000, 0x000000071ae00000| Untracked 
| 113|0x000000071b000000, 0x000000071b000000, 0x000000071b200000|  0%| F|  |TAMS 0x000000071b000000, 0x000000071b000000| Untracked 
| 114|0x000000071b200000, 0x000000071b209e98, 0x000000071b400000|  1%| E|  |TAMS 0x000000071b200000, 0x000000071b200000| Complete 
| 115|0x000000071b400000, 0x000000071b600000, 0x000000071b600000|100%| E|CS|TAMS 0x000000071b400000, 0x000000071b400000| Complete 
| 116|0x000000071b600000, 0x000000071b800000, 0x000000071b800000|100%| E|CS|TAMS 0x000000071b600000, 0x000000071b600000| Complete 
| 117|0x000000071b800000, 0x000000071ba00000, 0x000000071ba00000|100%| E|CS|TAMS 0x000000071b800000, 0x000000071b800000| Complete 
| 118|0x000000071ba00000, 0x000000071bc00000, 0x000000071bc00000|100%| E|CS|TAMS 0x000000071ba00000, 0x000000071ba00000| Complete 
| 119|0x000000071bc00000, 0x000000071be00000, 0x000000071be00000|100%| E|CS|TAMS 0x000000071bc00000, 0x000000071bc00000| Complete 
| 120|0x000000071be00000, 0x000000071c000000, 0x000000071c000000|100%| E|CS|TAMS 0x000000071be00000, 0x000000071be00000| Complete 
| 121|0x000000071c000000, 0x000000071c200000, 0x000000071c200000|100%| E|CS|TAMS 0x000000071c000000, 0x000000071c000000| Complete 

Card table byte_map: [0x0000019148000000,0x00000191487a0000] _byte_map_base: 0x0000019144799000

Marking Bits (Prev, Next): (CMBitMap*) 0x000001913270e7e0, (CMBitMap*) 0x000001913270e820
 Prev Bits: [0x0000019148f40000, 0x000001914cc08000)
 Next Bits: [0x000001914cc10000, 0x00000191508d8000)

Polling page: 0x00000191327d0000

Metaspace:

Usage:
  Non-class:      9.82 MB used.
      Class:    902.33 KB used.
       Both:     10.70 MB used.

Virtual space:
  Non-class space:       64.00 MB reserved,       9.88 MB ( 15%) committed,  1 nodes.
      Class space:        1.00 GB reserved,     960.00 KB ( <1%) committed,  1 nodes.
             Both:        1.06 GB reserved,      10.81 MB ( <1%) committed. 

Chunk freelists:
   Non-Class:  5.75 MB
       Class:  15.01 MB
        Both:  20.76 MB

MaxMetaspaceSize: unlimited
CompressedClassSpaceSize: 1.00 GB
Initial GC threshold: 21.00 MB
Current GC threshold: 21.00 MB
CDS: off
MetaspaceReclaimPolicy: balanced
 - commit_granule_bytes: 65536.
 - commit_granule_words: 8192.
 - virtual_space_node_default_size: 8388608.
 - enlarge_chunks_in_place: 1.
 - new_chunks_are_fully_committed: 0.
 - uncommit_free_chunks: 1.
 - use_allocation_guard: 0.
 - handle_deallocations: 1.


Internal statistics:

num_allocs_failed_limit: 0.
num_arena_births: 78.
num_arena_deaths: 0.
num_vsnodes_births: 2.
num_vsnodes_deaths: 0.
num_space_committed: 173.
num_space_uncommitted: 0.
num_chunks_returned_to_freelist: 0.
num_chunks_taken_from_freelist: 180.
num_chunk_merges: 0.
num_chunk_splits: 117.
num_chunks_enlarged: 79.
num_inconsistent_stats: 0.

CodeHeap 'non-profiled nmethods': size=119168Kb used=288Kb max_used=288Kb free=118879Kb
 bounds [0x000001913fb70000, 0x000001913fde0000, 0x0000019146fd0000]
CodeHeap 'profiled nmethods': size=119104Kb used=1660Kb max_used=1660Kb free=117443Kb
 bounds [0x0000019137fd0000, 0x0000019138240000, 0x000001913f420000]
CodeHeap 'non-nmethods': size=7488Kb used=3275Kb max_used=3290Kb free=4212Kb
 bounds [0x000001913f420000, 0x000001913f760000, 0x000001913fb70000]
 total_blobs=1945 nmethods=932 adapters=923
 compilation: enabled
              stopped_count=0, restarted_count=0
 full_count=0

Compilation events (20 events):
Event: 0.313 Thread 0x00000191580832d0 nmethod 923 0x000001913fbb6e90 code [0x000001913fbb7000, 0x000001913fbb70b8]
Event: 0.314 Thread 0x0000019153aa2110 nmethod 913 0x000001913fbb7190 code [0x000001913fbb7340, 0x000001913fbb7828]
Event: 0.314 Thread 0x0000019153aa2bb0  924       3       java.net.URL::toString (5 bytes)
Event: 0.314 Thread 0x0000019153c14a80  925       3       java.lang.StringConcatHelper::initialCoder (14 bytes)
Event: 0.314 Thread 0x0000019158992730  926       3       java.lang.StringConcatHelper::newString (67 bytes)
Event: 0.314 Thread 0x0000019153aa2bb0 nmethod 924 0x0000019138169190 code [0x0000019138169340, 0x0000019138169568]
Event: 0.314 Thread 0x0000019153c14a80 nmethod 925 0x0000019138169690 code [0x0000019138169820, 0x0000019138169938]
Event: 0.314 Thread 0x0000019153aa2bb0  927       3       java.lang.String::concat (15 bytes)
Event: 0.314 Thread 0x0000019153aa2110  928       4       java.lang.String::isEmpty (14 bytes)
Event: 0.314 Thread 0x0000019153c14a80  929       3       java.lang.StringConcatHelper::simpleConcat (94 bytes)
Event: 0.315 Thread 0x0000019158991e10  930       3       sun.misc.Unsafe::putLong (11 bytes)
Event: 0.315 Thread 0x0000019153c401b0  932       4       java.lang.Integer::toUnsignedLong (7 bytes)
Event: 0.315 Thread 0x0000019158992730 nmethod 926 0x0000019138169990 code [0x0000019138169c00, 0x000001913816a668]
Event: 0.315 Thread 0x0000019153aa2110 nmethod 928 0x000001913fbb7b90 code [0x000001913fbb7d00, 0x000001913fbb7d98]
Event: 0.315 Thread 0x0000019158992730  931       3       org.lwjgl.system.MemoryUtil::memPutAddress (29 bytes)
Event: 0.315 Thread 0x0000019158991e10 nmethod 930 0x000001913816aa10 code [0x000001913816aba0, 0x000001913816acb8]
Event: 0.315 Thread 0x0000019158992730 nmethod 931 0x000001913816ad90 code [0x000001913816af40, 0x000001913816b138]
Event: 0.315 Thread 0x0000019153c401b0 nmethod 932 0x000001913fbb7e90 code [0x000001913fbb8000, 0x000001913fbb8058]
Event: 0.315 Thread 0x0000019153c14a80 nmethod 929 0x000001913816b210 code [0x000001913816b560, 0x000001913816caa8]
Event: 0.315 Thread 0x0000019153aa2bb0 nmethod 927 0x000001913816d210 code [0x000001913816d560, 0x000001913816eb08]

GC Heap History (0 events):
No events

Dll operation events (3 events):
Event: 0.005 Loaded shared library C:\Users\carte\.jdks\jbr-17.0.7-1\bin\java.dll
Event: 0.022 Loaded shared library C:\Users\carte\.jdks\jbr-17.0.7-1\bin\jsvml.dll
Event: 0.110 Loaded shared library C:\Users\carte\.jdks\jbr-17.0.7-1\bin\zip.dll

Deoptimization events (20 events):
Event: 0.216 Thread 0x000001913481dc40 DEOPT PACKING pc=0x000001913fb8d0c0 sp=0x00000020e09fbb80
Event: 0.216 Thread 0x000001913481dc40 DEOPT UNPACKING pc=0x000001913f4769a3 sp=0x00000020e09fbb08 mode 2
Event: 0.236 Thread 0x000001913481dc40 Uncommon trap: trap_request=0xffffff45 fr.pc=0x000001913fb82a34 relative=0x00000000000008d4
Event: 0.236 Thread 0x000001913481dc40 Uncommon trap: reason=unstable_if action=reinterpret pc=0x000001913fb82a34 method=java.util.HashMap.putVal(ILjava/lang/Object;Ljava/lang/Object;ZZ)Ljava/lang/Object; @ 181 c2
Event: 0.236 Thread 0x000001913481dc40 DEOPT PACKING pc=0x000001913fb82a34 sp=0x00000020e09fba20
Event: 0.236 Thread 0x000001913481dc40 DEOPT UNPACKING pc=0x000001913f4769a3 sp=0x00000020e09fb9c0 mode 2
Event: 0.266 Thread 0x000001913481dc40 Uncommon trap: trap_request=0xffffffde fr.pc=0x000001913fb92864 relative=0x00000000000003a4
Event: 0.266 Thread 0x000001913481dc40 Uncommon trap: reason=class_check action=maybe_recompile pc=0x000001913fb92864 method=java.util.HashMap.getNode(Ljava/lang/Object;)Ljava/util/HashMap$Node; @ 63 c2
Event: 0.266 Thread 0x000001913481dc40 DEOPT PACKING pc=0x000001913fb92864 sp=0x00000020e09fbc60
Event: 0.266 Thread 0x000001913481dc40 DEOPT UNPACKING pc=0x000001913f4769a3 sp=0x00000020e09fbb78 mode 2
Event: 0.281 Thread 0x000001913481dc40 DEOPT PACKING pc=0x000001913801af65 sp=0x00000020e09f9000
Event: 0.281 Thread 0x000001913481dc40 DEOPT UNPACKING pc=0x000001913f477143 sp=0x00000020e09f8450 mode 0
Event: 0.282 Thread 0x000001913481dc40 Uncommon trap: trap_request=0xffffffde fr.pc=0x000001913fb928a4 relative=0x00000000000003e4
Event: 0.282 Thread 0x000001913481dc40 Uncommon trap: reason=class_check action=maybe_recompile pc=0x000001913fb928a4 method=java.util.HashMap.getNode(Ljava/lang/Object;)Ljava/util/HashMap$Node; @ 128 c2
Event: 0.282 Thread 0x000001913481dc40 DEOPT PACKING pc=0x000001913fb928a4 sp=0x00000020e09fdf60
Event: 0.282 Thread 0x000001913481dc40 DEOPT UNPACKING pc=0x000001913f4769a3 sp=0x00000020e09fde78 mode 2
Event: 0.308 Thread 0x000001913481dc40 Uncommon trap: trap_request=0xffffffde fr.pc=0x000001913fb928a4 relative=0x00000000000003e4
Event: 0.308 Thread 0x000001913481dc40 Uncommon trap: reason=class_check action=maybe_recompile pc=0x000001913fb928a4 method=java.util.HashMap.getNode(Ljava/lang/Object;)Ljava/util/HashMap$Node; @ 128 c2
Event: 0.308 Thread 0x000001913481dc40 DEOPT PACKING pc=0x000001913fb928a4 sp=0x00000020e09fd500
Event: 0.308 Thread 0x000001913481dc40 DEOPT UNPACKING pc=0x000001913f4769a3 sp=0x00000020e09fd418 mode 2

Classes unloaded (0 events):
No events

Classes redefined (0 events):
No events

Internal exceptions (20 events):
Event: 0.196 Thread 0x000001913481dc40 Exception <a 'java/lang/NoSuchMethodError'{0x000000071b9e7ea8}: 'void java.lang.invoke.DirectMethodHandle$Holder.invokeSpecial(java.lang.Object, java.lang.Object, java.lang.Object)'> (0x000000071b9e7ea8) 
thrown [s\src\hotspot\share\interpreter\linkResolver.cpp, line 771]
Event: 0.198 Thread 0x000001913481dc40 Exception <a 'java/lang/NoSuchMethodError'{0x000000071b9f9b48}: 'java.lang.Object java.lang.invoke.DirectMethodHandle$Holder.invokeStatic(java.lang.Object, java.lang.Object, int)'> (0x000000071b9f9b48) 
thrown [s\src\hotspot\share\interpreter\linkResolver.cpp, line 771]
Event: 0.199 Thread 0x000001913481dc40 Exception <a 'java/lang/NoSuchMethodError'{0x000000071b6060c8}: 'void java.lang.invoke.DelegatingMethodHandle$Holder.delegate(java.lang.Object, java.lang.Object, int, java.lang.Object)'> (0x000000071b6060c8) 
thrown [s\src\hotspot\share\interpreter\linkResolver.cpp, line 771]
Event: 0.199 Thread 0x000001913481dc40 Exception <a 'java/lang/NoSuchMethodError'{0x000000071b60a100}: 'int java.lang.invoke.DirectMethodHandle$Holder.invokeSpecial(java.lang.Object, java.lang.Object, java.lang.Object)'> (0x000000071b60a100) 
thrown [s\src\hotspot\share\interpreter\linkResolver.cpp, line 771]
Event: 0.216 Thread 0x000001913481dc40 Exception <a 'sun/nio/fs/WindowsException'{0x000000071b64e378}> (0x000000071b64e378) 
thrown [s\src\hotspot\share\prims\jni.cpp, line 517]
Event: 0.216 Thread 0x000001913481dc40 Exception <a 'sun/nio/fs/WindowsException'{0x000000071b64e8c8}> (0x000000071b64e8c8) 
thrown [s\src\hotspot\share\prims\jni.cpp, line 517]
Event: 0.254 Thread 0x000001913481dc40 Exception <a 'java/lang/NoSuchMethodError'{0x000000071b73dc48}: 'int java.lang.invoke.DirectMethodHandle$Holder.invokeStaticInit(java.lang.Object, java.lang.Object, int, long)'> (0x000000071b73dc48) 
thrown [s\src\hotspot\share\interpreter\linkResolver.cpp, line 771]
Event: 0.254 Thread 0x000001913481dc40 Exception <a 'java/lang/NoSuchMethodError'{0x000000071b743510}: 'java.lang.Object java.lang.invoke.DirectMethodHandle$Holder.newInvokeSpecial(java.lang.Object, java.lang.Object, int)'> (0x000000071b743510) 
thrown [s\src\hotspot\share\interpreter\linkResolver.cpp, line 771]
Event: 0.256 Thread 0x000001913481dc40 Exception <a 'java/lang/NoSuchMethodError'{0x000000071b752158}: 'int java.lang.invoke.DirectMethodHandle$Holder.invokeStaticInit(java.lang.Object, java.lang.Object, long, long)'> (0x000000071b752158) 
thrown [s\src\hotspot\share\interpreter\linkResolver.cpp, line 771]
Event: 0.256 Thread 0x000001913481dc40 Exception <a 'java/lang/NoSuchMethodError'{0x000000071b7582e8}: 'java.lang.Object java.lang.invoke.DirectMethodHandle$Holder.newInvokeSpecial(java.lang.Object, java.lang.Object, long)'> (0x000000071b7582e8) 
thrown [s\src\hotspot\share\interpreter\linkResolver.cpp, line 771]
Event: 0.257 Thread 0x000001913481dc40 Exception <a 'java/lang/NoSuchMethodError'{0x000000071b75bbb0}: 'java.lang.Object java.lang.invoke.Invokers$Holder.linkToTargetMethod(java.lang.Object, long, java.lang.Object)'> (0x000000071b75bbb0) 
thrown [s\src\hotspot\share\interpreter\linkResolver.cpp, line 771]
Event: 0.257 Thread 0x000001913481dc40 Exception <a 'java/lang/NoSuchMethodError'{0x000000071b763080}: 'int java.lang.invoke.DirectMethodHandle$Holder.invokeStaticInit(java.lang.Object, java.lang.Object, java.lang.Object, long)'> (0x000000071b763080) 
thrown [s\src\hotspot\share\interpreter\linkResolver.cpp, line 771]
Event: 0.269 Thread 0x000001913481dc40 Exception <a 'sun/nio/fs/WindowsException'{0x000000071b7ca6f8}> (0x000000071b7ca6f8) 
thrown [s\src\hotspot\share\prims\jni.cpp, line 517]
Event: 0.269 Thread 0x000001913481dc40 Exception <a 'sun/nio/fs/WindowsException'{0x000000071b7caa88}> (0x000000071b7caa88) 
thrown [s\src\hotspot\share\prims\jni.cpp, line 517]
Event: 0.284 Thread 0x000001913481dc40 Exception <a 'sun/nio/fs/WindowsException'{0x000000071b46b050}> (0x000000071b46b050) 
thrown [s\src\hotspot\share\prims\jni.cpp, line 517]
Event: 0.284 Thread 0x000001913481dc40 Exception <a 'sun/nio/fs/WindowsException'{0x000000071b46b3b0}> (0x000000071b46b3b0) 
thrown [s\src\hotspot\share\prims\jni.cpp, line 517]
Event: 0.310 Thread 0x000001913481dc40 Exception <a 'sun/nio/fs/WindowsException'{0x000000071b5bf838}> (0x000000071b5bf838) 
thrown [s\src\hotspot\share\prims\jni.cpp, line 517]
Event: 0.310 Thread 0x000001913481dc40 Exception <a 'sun/nio/fs/WindowsException'{0x000000071b5bfbe0}> (0x000000071b5bfbe0) 
thrown [s\src\hotspot\share\prims\jni.cpp, line 517]
Event: 0.313 Thread 0x000001913481dc40 Exception <a 'sun/nio/fs/WindowsException'{0x000000071b5d2ed8}> (0x000000071b5d2ed8) 
thrown [s\src\hotspot\share\prims\jni.cpp, line 517]
Event: 0.313 Thread 0x000001913481dc40 Exception <a 'sun/nio/fs/WindowsException'{0x000000071b5d31b8}> (0x000000071b5d31b8) 
thrown [s\src\hotspot\share\prims\jni.cpp, line 517]

VM Operations (10 events):
Event: 0.102 Executing VM operation: HandshakeAllThreads
Event: 0.102 Executing VM operation: HandshakeAllThreads done
Event: 0.173 Executing VM operation: HandshakeAllThreads
Event: 0.173 Executing VM operation: HandshakeAllThreads done
Event: 0.198 Executing VM operation: HandshakeAllThreads
Event: 0.198 Executing VM operation: HandshakeAllThreads done
Event: 0.212 Executing VM operation: HandshakeAllThreads
Event: 0.212 Executing VM operation: HandshakeAllThreads done
Event: 0.250 Executing VM operation: HandshakeAllThreads
Event: 0.250 Executing VM operation: HandshakeAllThreads done

Events (20 events):
Event: 0.252 loading class jdk/internal/reflect/UnsafeQualifiedStaticObjectFieldAccessorImpl done
Event: 0.253 loading class java/util/function/LongPredicate
Event: 0.253 loading class java/util/function/LongPredicate done
Event: 0.255 loading class jdk/internal/access/foreign/MemorySegmentProxy
Event: 0.255 loading class jdk/internal/access/foreign/MemorySegmentProxy done
Event: 0.258 loading class java/nio/InvalidMarkException
Event: 0.258 loading class java/nio/InvalidMarkException done
Event: 0.258 loading class java/nio/BufferUnderflowException
Event: 0.258 loading class java/nio/BufferUnderflowException done
Event: 0.269 loading class java/lang/NoSuchFieldError
Event: 0.270 loading class java/lang/NoSuchFieldError done
Event: 0.278 loading class java/util/function/BiPredicate
Event: 0.278 loading class java/util/function/BiPredicate done
Event: 0.287 loading class jdk/internal/reflect/UnsafeQualifiedStaticIntegerFieldAccessorImpl
Event: 0.287 loading class jdk/internal/reflect/UnsafeQualifiedStaticIntegerFieldAccessorImpl done
Event: 0.310 Thread 0x0000019158991e10 Thread added: 0x0000019158991e10
Event: 0.310 Thread 0x0000019158992730 Thread added: 0x0000019158992730
Event: 0.311 Loaded shared library C:\Users\carte\AppData\Local\Temp\lwjgl_carte\3.3.2+13\x64\lwjgl_opengl.dll
Event: 0.311 loading class jdk/internal/misc/ScopedMemoryAccess$Scope
Event: 0.311 loading class jdk/internal/misc/ScopedMemoryAccess$Scope done


Dynamic libraries:
0x00007ff624200000 - 0x00007ff62420a000 	C:\Users\carte\.jdks\jbr-17.0.7-1\bin\java.exe
0x00007ffd24390000 - 0x00007ffd245a4000 	C:\WINDOWS\SYSTEM32\ntdll.dll
0x00007ffd228d0000 - 0x00007ffd22992000 	C:\WINDOWS\System32\KERNEL32.DLL
0x00007ffd21c70000 - 0x00007ffd22013000 	C:\WINDOWS\System32\KERNELBASE.dll
0x00007ffd21a90000 - 0x00007ffd21ba1000 	C:\WINDOWS\System32\ucrtbase.dll
0x00007ffd0d8c0000 - 0x00007ffd0d8db000 	C:\Users\carte\.jdks\jbr-17.0.7-1\bin\VCRUNTIME140.dll
0x00007ffd0cf30000 - 0x00007ffd0cf47000 	C:\Users\carte\.jdks\jbr-17.0.7-1\bin\jli.dll
0x00007ffd23c30000 - 0x00007ffd23ddb000 	C:\WINDOWS\System32\USER32.dll
0x00007ffd22020000 - 0x00007ffd22046000 	C:\WINDOWS\System32\win32u.dll
0x00007ffd0f220000 - 0x00007ffd0f4ae000 	C:\WINDOWS\WinSxS\amd64_microsoft.windows.common-controls_6595b64144ccf1df_6.0.22621.1635_none_270f70857386168e\COMCTL32.dll
0x00007ffd229a0000 - 0x00007ffd229c9000 	C:\WINDOWS\System32\GDI32.dll
0x00007ffd22310000 - 0x00007ffd223b7000 	C:\WINDOWS\System32\msvcrt.dll
0x00007ffd21790000 - 0x00007ffd218a9000 	C:\WINDOWS\System32\gdi32full.dll
0x00007ffd220d0000 - 0x00007ffd2216a000 	C:\WINDOWS\System32\msvcp_win.dll
0x00007ffd226b0000 - 0x00007ffd226e1000 	C:\WINDOWS\System32\IMM32.DLL
0x00007ffd0dea0000 - 0x00007ffd0deac000 	C:\Users\carte\.jdks\jbr-17.0.7-1\bin\vcruntime140_1.dll
0x00007ffcf4260000 - 0x00007ffcf42ed000 	C:\Users\carte\.jdks\jbr-17.0.7-1\bin\msvcp140.dll
0x00007ffcce880000 - 0x00007ffccf500000 	C:\Users\carte\.jdks\jbr-17.0.7-1\bin\server\jvm.dll
0x00007ffd224c0000 - 0x00007ffd2256e000 	C:\WINDOWS\System32\ADVAPI32.dll
0x00007ffd226f0000 - 0x00007ffd22794000 	C:\WINDOWS\System32\sechost.dll
0x00007ffd221f0000 - 0x00007ffd22307000 	C:\WINDOWS\System32\RPCRT4.dll
0x00007ffd18c30000 - 0x00007ffd18c64000 	C:\WINDOWS\SYSTEM32\WINMM.dll
0x00007ffd184b0000 - 0x00007ffd184ba000 	C:\WINDOWS\SYSTEM32\VERSION.dll
0x00007ffd18e70000 - 0x00007ffd18e79000 	C:\WINDOWS\SYSTEM32\WSOCK32.dll
0x00007ffd22170000 - 0x00007ffd221e1000 	C:\WINDOWS\System32\WS2_32.dll
0x00007ffd20750000 - 0x00007ffd20768000 	C:\WINDOWS\SYSTEM32\kernel.appcore.dll
0x00007ffd0daa0000 - 0x00007ffd0daaa000 	C:\Users\carte\.jdks\jbr-17.0.7-1\bin\jimage.dll
0x00007ffd1f1c0000 - 0x00007ffd1f3ee000 	C:\WINDOWS\SYSTEM32\DBGHELP.DLL
0x00007ffd23fb0000 - 0x00007ffd24339000 	C:\WINDOWS\System32\combase.dll
0x00007ffd236a0000 - 0x00007ffd23777000 	C:\WINDOWS\System32\OLEAUT32.dll
0x00007ffd0a210000 - 0x00007ffd0a242000 	C:\WINDOWS\SYSTEM32\dbgcore.DLL
0x00007ffd22050000 - 0x00007ffd220cb000 	C:\WINDOWS\System32\bcryptPrimitives.dll
0x00007ffd0f570000 - 0x00007ffd0f57e000 	C:\Users\carte\.jdks\jbr-17.0.7-1\bin\instrument.dll
0x00007ffd0ca70000 - 0x00007ffd0ca95000 	C:\Users\carte\.jdks\jbr-17.0.7-1\bin\java.dll
0x00007ffd0ce10000 - 0x00007ffd0ce28000 	C:\Users\carte\.jdks\jbr-17.0.7-1\bin\zip.dll
0x00007ffce4cb0000 - 0x00007ffce4d87000 	C:\Users\carte\.jdks\jbr-17.0.7-1\bin\jsvml.dll
0x00007ffd22e80000 - 0x00007ffd2367a000 	C:\WINDOWS\System32\SHELL32.dll
0x00007ffd1f740000 - 0x00007ffd2000e000 	C:\WINDOWS\SYSTEM32\windows.storage.dll
0x00007ffd1f600000 - 0x00007ffd1f73e000 	C:\WINDOWS\SYSTEM32\wintypes.dll
0x00007ffd23780000 - 0x00007ffd23871000 	C:\WINDOWS\System32\SHCORE.dll
0x00007ffd23890000 - 0x00007ffd238ee000 	C:\WINDOWS\System32\shlwapi.dll
0x00007ffd216c0000 - 0x00007ffd216e1000 	C:\WINDOWS\SYSTEM32\profapi.dll
0x00007ffd0cba0000 - 0x00007ffd0cbb9000 	C:\Users\carte\.jdks\jbr-17.0.7-1\bin\net.dll
0x00007ffd1b6f0000 - 0x00007ffd1b827000 	C:\WINDOWS\SYSTEM32\WINHTTP.dll
0x00007ffd20c10000 - 0x00007ffd20c79000 	C:\WINDOWS\system32\mswsock.dll
0x00007ffd0bf50000 - 0x00007ffd0bf66000 	C:\Users\carte\.jdks\jbr-17.0.7-1\bin\nio.dll
0x00007ffd0f4e0000 - 0x00007ffd0f4fa000 	C:\Users\carte\AppData\Local\JetBrains\Toolbox\apps\IDEA-U\ch-0\231.9161.38\bin\breakgen64.dll
0x00007ffd042e0000 - 0x00007ffd0435a000 	C:\Users\carte\AppData\Local\Temp\lwjgl_carte\3.3.2+13\x64\lwjgl.dll
0x00007ffce2c40000 - 0x00007ffce2eb0000 	C:\Users\carte\AppData\Local\Temp\lwjgl_carte\3.3.2+13\x64\jemalloc.dll
0x00007ffcf3f50000 - 0x00007ffcf3fd2000 	C:\Users\carte\AppData\Local\Temp\lwjgl_carte\3.3.2+13\x64\glfw.dll
0x00007ffcff8d0000 - 0x00007ffcff916000 	C:\WINDOWS\SYSTEM32\dinput8.dll
0x00007ffd01c70000 - 0x00007ffd01c81000 	C:\WINDOWS\SYSTEM32\xinput1_4.dll
0x00007ffd213b0000 - 0x00007ffd213fe000 	C:\WINDOWS\SYSTEM32\cfgmgr32.dll
0x00007ffd21360000 - 0x00007ffd2138c000 	C:\WINDOWS\SYSTEM32\DEVOBJ.dll
0x00007ffd1ec10000 - 0x00007ffd1ec3b000 	C:\WINDOWS\SYSTEM32\dwmapi.dll
0x00007ffd10d70000 - 0x00007ffd10f71000 	C:\WINDOWS\SYSTEM32\inputhost.dll
0x00007ffd1dfc0000 - 0x00007ffd1e0f3000 	C:\WINDOWS\SYSTEM32\CoreMessaging.dll
0x00007ffd1e970000 - 0x00007ffd1ea1b000 	C:\WINDOWS\system32\uxtheme.dll
0x00007ffd227a0000 - 0x00007ffd228c7000 	C:\WINDOWS\System32\MSCTF.dll
0x00007ffd20e50000 - 0x00007ffd20e5c000 	C:\WINDOWS\SYSTEM32\CRYPTBASE.DLL
0x00007ffcfce30000 - 0x00007ffcfce8e000 	C:\Users\carte\AppData\Local\Temp\lwjgl_carte\3.3.2+13\x64\lwjgl_opengl.dll
0x00007ffcc5b70000 - 0x00007ffcc5c70000 	C:\WINDOWS\SYSTEM32\opengl32.dll
0x00007ffcd9880000 - 0x00007ffcd98ad000 	C:\WINDOWS\SYSTEM32\GLU32.dll
0x00007ffd1eaa0000 - 0x00007ffd1ead8000 	C:\WINDOWS\SYSTEM32\dxcore.dll

dbghelp: loaded successfully - version: 4.0.5 - missing functions: none
symbol engine: initialized successfully - sym options: 0x614 - pdb path: .;C:\Users\carte\.jdks\jbr-17.0.7-1\bin;C:\WINDOWS\SYSTEM32;C:\WINDOWS\WinSxS\amd64_microsoft.windows.common-controls_6595b64144ccf1df_6.0.22621.1635_none_270f70857386168e;C:\Users\carte\.jdks\jbr-17.0.7-1\bin\server;C:\Users\carte\AppData\Local\JetBrains\Toolbox\apps\IDEA-U\ch-0\231.9161.38\bin;C:\Users\carte\AppData\Local\Temp\lwjgl_carte\3.3.2+13\x64

VM Arguments:
jvm_args: -javaagent:C:\Users\carte\AppData\Local\JetBrains\Toolbox\apps\IDEA-U\ch-0\231.9161.38\lib\idea_rt.jar=59199:C:\Users\carte\AppData\Local\JetBrains\Toolbox\apps\IDEA-U\ch-0\231.9161.38\bin -Dfile.encoding=UTF-8 
java_command: MainKt
java_class_path (initial): C:\Users\carte\IdeaProjects\KotlinGraphicsLWJGL\target\classes;C:\Users\carte\.m2\repository\org\lwjgl\lwjgl\3.3.2\lwjgl-3.3.2.jar;C:\Users\carte\.m2\repository\org\lwjgl\lwjgl-assimp\3.3.2\lwjgl-assimp-3.3.2.jar;C:\Users\carte\.m2\repository\org\lwjgl\lwjgl-bgfx\3.3.2\lwjgl-bgfx-3.3.2.jar;C:\Users\carte\.m2\repository\org\lwjgl\lwjgl-cuda\3.3.2\lwjgl-cuda-3.3.2.jar;C:\Users\carte\.m2\repository\org\lwjgl\lwjgl-egl\3.3.2\lwjgl-egl-3.3.2.jar;C:\Users\carte\.m2\repository\org\lwjgl\lwjgl-fmod\3.3.2\lwjgl-fmod-3.3.2.jar;C:\Users\carte\.m2\repository\org\lwjgl\lwjgl-freetype\3.3.2\lwjgl-freetype-3.3.2.jar;C:\Users\carte\.m2\repository\org\lwjgl\lwjgl-glfw\3.3.2\lwjgl-glfw-3.3.2.jar;C:\Users\carte\.m2\repository\org\lwjgl\lwjgl-harfbuzz\3.3.2\lwjgl-harfbuzz-3.3.2.jar;C:\Users\carte\.m2\repository\org\lwjgl\lwjgl-hwloc\3.3.2\lwjgl-hwloc-3.3.2.jar;C:\Users\carte\.m2\repository\org\lwjgl\lwjgl-jawt\3.3.2\lwjgl-jawt-3.3.2.jar;C:\Users\carte\.m2\repository\org\lwjgl\lwjgl-jemalloc\3.3.2\lwjgl-jemalloc-3.3.2.jar;C:\Users\carte\.m2\repository\org\lwjgl\lwjgl-ktx\3.3.2\lwjgl-ktx-3.3.2.jar;C:\Users\carte\.m2\repository\org\lwjgl\lwjgl-libdivide\3.3.2\lwjgl-libdivide-3.3.2.jar;C:\Users\carte\.m2\repository\org\lwjgl\lwjgl-llvm\3.3.2\lwjgl-llvm-3.3.2.jar;C:\Users\carte\.m2\repository\org\lwjgl\lwjgl-lmdb\3.3.2\lwjgl-lmdb-3.3.2.jar;C:\Users\carte\.m2\repository\org\lwjgl\lwjgl-lz4\3.3.2\lwjgl-lz4-3.3.2.jar;C:\Users\carte\.m2\repository\org\lwjgl\lwjgl-meow\3.3.2\lwjgl-meow-3.3.2.jar;C:\Users\carte\.m2\repository\org\lwjgl\lwjgl-meshoptimizer\3.3.2\lwjgl-meshoptimizer-3.3.2.jar;C:\Users\carte\.m2\repository\org\lwjgl\lwjgl-nanovg\3.3.2\lwjgl-nanovg-3.3.2.jar;C:\Users\carte\.m2\repository\org\lwjgl\lwjgl-nfd\3.3.2\lwjgl-nfd-3.3.2.jar;C:\Users\carte\.m2\repository\org\lwjgl\lwjgl-nuklear\3.3.2\lwjgl-nuklear-3.3.2.jar;C:\Users\carte\.m2\repository\org\lwjgl\lwjgl-odbc\3.3.2\lwjgl-odbc-3.3.2.jar;C:\Users\carte\.m2\repository\org\lwjgl\lwjgl-openal\3.3.2\lwjgl
Launcher Type: SUN_STANDARD

[Global flags]
     intx CICompilerCount                          = 12                                        {product} {ergonomic}
     uint ConcGCThreads                            = 3                                         {product} {ergonomic}
     uint G1ConcRefinementThreads                  = 13                                        {product} {ergonomic}
   size_t G1HeapRegionSize                         = 2097152                                   {product} {ergonomic}
    uintx GCDrainStackTargetSize                   = 64                                        {product} {ergonomic}
   size_t InitialHeapSize                          = 255852544                                 {product} {ergonomic}
   size_t MarkStackSize                            = 4194304                                   {product} {ergonomic}
   size_t MaxHeapSize                              = 4078960640                                {product} {ergonomic}
   size_t MaxNewSize                               = 2447376384                                {product} {ergonomic}
   size_t MinHeapDeltaBytes                        = 2097152                                   {product} {ergonomic}
   size_t MinHeapSize                              = 8388608                                   {product} {ergonomic}
    uintx NonNMethodCodeHeapSize                   = 7602480                                {pd product} {ergonomic}
    uintx NonProfiledCodeHeapSize                  = 122027880                              {pd product} {ergonomic}
    uintx ProfiledCodeHeapSize                     = 122027880                              {pd product} {ergonomic}
    uintx ReservedCodeCacheSize                    = 251658240                              {pd product} {ergonomic}
     bool SegmentedCodeCache                       = true                                      {product} {ergonomic}
   size_t SoftMaxHeapSize                          = 4078960640                             {manageable} {ergonomic}
     bool UseCompressedClassPointers               = true                           {product lp64_product} {ergonomic}
     bool UseCompressedOops                        = true                           {product lp64_product} {ergonomic}
     bool UseG1GC                                  = true                                      {product} {ergonomic}
     bool UseLargePagesIndividualAllocation        = false                                  {pd product} {ergonomic}

Logging:
Log output configuration:
 #0: stdout all=warning uptime,level,tags
 #1: stderr all=off uptime,level,tags

Environment Variables:
JAVA_HOME=C:\Program Files\Eclipse Adoptium\jdk-17.0.6.10-hotspot
PATH=C:\Python37\Scripts\;C:\Python37\;C:\Python311\Scripts\;C:\Python311\;C:\Program Files\Eclipse Adoptium\jdk-17.0.6.10-hotspot\bin;C:\Program Files (x86)\Razer Chroma SDK\bin;C:\Program Files\Razer Chroma SDK\bin;C:\Program Files (x86)\Razer\ChromaBroadcast\bin;C:\Program Files\Razer\ChromaBroadcast\bin;C:\Program Files (x86)\Common Files\Intel\Shared Libraries\redist\intel64\compiler;C:\Program Files\Common Files\Oracle\Java\javapath;C:\Windows\system32;C:\Windows;C:\Windows\System32\Wbem;C:\Windows\System32\WindowsPowerShell\v1.0\;C:\Windows\System32\OpenSSH\;C:\Program Files\NVIDIA Corporation\NVIDIA NvDLISR;C:\WINDOWS\system32;C:\WINDOWS;C:\WINDOWS\System32\Wbem;C:\WINDOWS\System32\WindowsPowerShell\v1.0\;C:\WINDOWS\System32\OpenSSH\;C:\WINDOWS\system32\config\systemprofile\AppData\Local\Microsoft\WindowsApps;C:\Program Files\dotnet\;C:\Program Files (x86)\NVIDIA Corporation\PhysX\Common;C:\Program Files\MySQL\MySQL Utilities 1.6\;C:\Program Files\Microsoft SQL Server\150\Tools\Binn\;C:\Program Files\CMake\bin;C:\ProgramData\chocolatey\bin;C:\Gradle\gradle-8.0.2\bin;C:\Kotlin\kotlinc\bin;C:\Program Files\Git\cmd;C:\Program Files\nodejs\;C:\Program Files\Docker\Docker\resources\bin;C:\MinGW\bin;C:\Users\carte\.cargo\bin;C:\Program Files\MySQL\MySQL Shell 8.0\bin\;C:\Users\carte\AppData\Local\Microsoft\WindowsApps;C:\Program Files\JetBrains\IntelliJ IDEA Community Edition 2022.2.2\bin;C:\Users\carte\AppData\Local\Programs\Microsoft VS Code\bin;C:\Users\carte\OneDrive\Desktop\sqlite-tools-win32-x86-3400000\sqlite-tools-win32-x86-3400000;C:\Program Files\Java\jdk-19\bin;C:\Users\carte\apache-maven-3.8.6\bin;C:\Program Files\MySQL\MySQL Server 8.0\bin;C:\Program Files\JetBrains\CLion 2022.3.2\bin;C:\Program Files\heroku\bin;C:\tools\msys64;C:\Users\carte\.dotnet\tools;C:\tools\neovim\nvim-win64\bin;C:\Program Files\JetBrains\IntelliJ IDEA 2023.1\bin;C:\Users\carte\AppData\Local\GitHubDesktop\bin;C:\Program Files\JetBrains\WebStorm 2023.1\bin;C:\Users\carte\AppData\L
USERNAME=carte
OS=Windows_NT
PROCESSOR_IDENTIFIER=AMD64 Family 25 Model 68 Stepping 1, AuthenticAMD
TMP=C:\Users\carte\AppData\Local\Temp
TEMP=C:\Users\carte\AppData\Local\Temp


JNI global refs:
JNI global refs: 23, weak refs: 0

JNI global refs memory usage: 843, weak refs: 841

OOME stack traces (most recent first):
Classloader memory used:
Loader bootstrap                                                                       : 1157K
Loader jdk.internal.loader.ClassLoaders$AppClassLoader                                 : 212K


---------------  S Y S T E M  ---------------

OS:
 Windows 11 , 64 bit Build 22621 (10.0.22621.1778)
OS uptime: 2 days 18:39 hours
Hyper-V role detected

CPU: total 16 (initial active 16) (16 cores per cpu, 2 threads per core) family 25 model 68 stepping 1 microcode 0x0, cx8, cmov, fxsr, ht, mmx, 3dnowpref, sse, sse2, sse3, ssse3, sse4a, sse4.1, sse4.2, popcnt, lzcnt, tsc, tscinvbit, avx, avx2, aes, clmul, bmi1, bmi2, adx, sha, fma, vzeroupper, clflush, clflushopt, hv

Memory: 4k page, system-wide physical 15557M (3164M free)
TotalPageFile size 28869M (AvailPageFile size 9437M)
current process WorkingSet (physical memory assigned to process): 70M, peak: 70M
current process commit charge ("private bytes"): 363M, peak: 364M

vm_info: OpenJDK 64-Bit Server VM (17.0.7+7-b1000.2) for windows-amd64 JRE (17.0.7+7-b1000.2), built on 2023-06-16 by "builduser" with MS VC++ 16.10 / 16.11 (VS2019)

END.
